0 info it worked if it ends with ok
1 verbose cli [ 'C:\\Program Files\\nodejs\\node.exe',
1 verbose cli   'C:\\Program Files\\nodejs\\node_modules\\npm\\bin\\npm-cli.js',
1 verbose cli   'run',
1 verbose cli   'middleware' ]
2 info using npm@3.10.10
3 info using node@v6.11.1
4 verbose run-script [ 'premiddleware', 'middleware', 'postmiddleware' ]
5 info lifecycle redux-middleware@1.0.0~premiddleware: redux-middleware@1.0.0
6 silly lifecycle redux-middleware@1.0.0~premiddleware: no script for premiddleware, continuing
7 info lifecycle redux-middleware@1.0.0~middleware: redux-middleware@1.0.0
8 verbose lifecycle redux-middleware@1.0.0~middleware: unsafe-perm in lifecycle true
9 verbose lifecycle redux-middleware@1.0.0~middleware: PATH: C:\Program Files\nodejs\node_modules\npm\bin\node-gyp-bin;E:\code\own\xubaoshi.github.io\_pre_posts\redux\node_modules\.bin;C:\ProgramData\Oracle\Java\javapath;C:\windows\system32;C:\windows;C:\windows\System32\Wbem;C:\windows\System32\WindowsPowerShell\v1.0\;C:\Program Files (x86)\Git\cmd;C:\Users\xubaoshi\AppData\Local\Programs\Python\Python35-32;C:\Program Files\Git\cmd;C:\Program Files (x86)\Yarn\bin;C:\Program Files\nodejs\;D:\soft\curl;C:\Ruby22\bin;C:\Users\xubaoshi\AppData\Local\Programs\Python\Python35-32;D:\soft\java\bin;;C:\Users\xubaoshi\AppData\Local\Yarn\.bin;C:\Program Files (x86)\Microsoft VS Code\bin;C:\Users\xubaoshi\AppData\Roaming\npm;D:\soft\curl;C:\Users\xubaoshi\.pm2;
10 verbose lifecycle redux-middleware@1.0.0~middleware: CWD: E:\code\own\xubaoshi.github.io\_pre_posts\redux
11 silly lifecycle redux-middleware@1.0.0~middleware: Args: [ '/d /s /c',
11 silly lifecycle   'webpack-dev-server --config webpack.middleware.config.js --devtool=cheap-module-eval-source-map' ]
12 verbose stack Error: kill ENOSYS
12 verbose stack     at exports._errnoException (util.js:1018:11)
12 verbose stack     at process.kill (internal/process.js:190:13)
12 verbose stack     at process.listener (C:\Program Files\nodejs\node_modules\npm\node_modules\npmlog\node_modules\gauge\node_modules\signal-exit\index.js:86:15)
12 verbose stack     at emitNone (events.js:91:20)
12 verbose stack     at process.emit (events.js:185:7)
12 verbose stack     at processEmit (C:\Program Files\nodejs\node_modules\npm\node_modules\npmlog\node_modules\gauge\node_modules\signal-exit\index.js:146:32)
12 verbose stack     at processEmit (C:\Program Files\nodejs\node_modules\npm\node_modules\npm-registry-client\node_modules\npmlog\node_modules\gauge\node_modules\signal-exit\index.js:146:32)
12 verbose stack     at Signal.wrap.onsignal (internal/process.js:217:44)
13 verbose cwd E:\code\own\xubaoshi.github.io\_pre_posts\redux
14 error Windows_NT 6.1.7601
15 error argv "C:\\Program Files\\nodejs\\node.exe" "C:\\Program Files\\nodejs\\node_modules\\npm\\bin\\npm-cli.js" "run" "middleware"
16 error node v6.11.1
17 error npm  v3.10.10
18 error code ENOSYS
19 error errno ENOSYS
20 error syscall kill
21 error kill ENOSYS
22 error If you need help, you may report this error at:
22 error     <https://github.com/npm/npm/issues>
23 verbose exit [ 1, true ]
